<?xml version="1.0" encoding="UTF-8"?>
<testng-results ignored="0" total="2" passed="2" failed="0" skipped="0">
  <reporter-output>
  </reporter-output>
  <suite started-at="2024-10-21T01:42:15 EEST" name="Default suite" finished-at="2024-10-21T01:42:45 EEST" duration-ms="29492">
    <groups>
      <group name="cucumber">
        <method signature="AbstractTestNGCucumberTests.runScenario(io.cucumber.testng.PickleWrapper,io.cucumber.testng.FeatureWrapper)[pri:0, instance:run.Runner@196a42c3]" name="runScenario" class="io.cucumber.testng.AbstractTestNGCucumberTests"/>
      </group> <!-- cucumber -->
    </groups>
    <test started-at="2024-10-21T01:42:15 EEST" name="Default test" finished-at="2024-10-21T01:42:45 EEST" duration-ms="29492">
      <class name="run.Runner">
        <test-method is-config="true" signature="setUpClass(org.testng.ITestContext)[pri:0, instance:run.Runner@196a42c3]" started-at="2024-10-21T01:42:15 EEST" name="setUpClass" finished-at="2024-10-21T01:42:16 EEST" duration-ms="1053" status="PASS">
          <params>
            <param index="0">
              <value>
                <![CDATA[org.testng.TestRunner@5d512ddb]]>
              </value>
            </param>
          </params>
          <reporter-output>
          </reporter-output>
        </test-method> <!-- setUpClass -->
        <test-method signature="runScenario(io.cucumber.testng.PickleWrapper,io.cucumber.testng.FeatureWrapper)[pri:0, instance:run.Runner@196a42c3]" started-at="2024-10-21T01:42:16 EEST" name="runScenario" description="Runs Cucumber Scenarios" data-provider="scenarios" finished-at="2024-10-21T01:42:23 EEST" duration-ms="6419" status="PASS">
          <params>
            <param index="0">
              <value>
                <![CDATA["Verify that user can sign up successfully"]]>
              </value>
            </param>
            <param index="1">
              <value>
                <![CDATA["User Sign Up"]]>
              </value>
            </param>
          </params>
          <reporter-output>
          </reporter-output>
        </test-method> <!-- runScenario -->
        <test-method signature="runScenario(io.cucumber.testng.PickleWrapper,io.cucumber.testng.FeatureWrapper)[pri:0, instance:run.Runner@196a42c3]" started-at="2024-10-21T01:42:23 EEST" name="runScenario" description="Runs Cucumber Scenarios" data-provider="scenarios" finished-at="2024-10-21T01:42:44 EEST" duration-ms="21801" status="PASS">
          <params>
            <param index="0">
              <value>
                <![CDATA["Verify that two products are purchased successfully"]]>
              </value>
            </param>
            <param index="1">
              <value>
                <![CDATA["User Sign Up"]]>
              </value>
            </param>
          </params>
          <reporter-output>
          </reporter-output>
        </test-method> <!-- runScenario -->
        <test-method is-config="true" signature="tearDownClass()[pri:0, instance:run.Runner@196a42c3]" started-at="2024-10-21T01:42:44 EEST" name="tearDownClass" finished-at="2024-10-21T01:42:45 EEST" duration-ms="87" status="PASS">
          <reporter-output>
          </reporter-output>
        </test-method> <!-- tearDownClass -->
      </class> <!-- run.Runner -->
    </test> <!-- Default test -->
  </suite> <!-- Default suite -->
</testng-results>
